0 info it worked if it ends with ok
1 verbose cli [ '/usr/bin/nodejs',
1 verbose cli   '/usr/bin/npm',
1 verbose cli   'install',
1 verbose cli   '–save',
1 verbose cli   'express@4.10.2' ]
2 info using npm@1.3.10
3 info using node@v0.10.25
4 warn package.json Node-real-time-chats@0.0.1 No repository field.
5 warn package.json Node-real-time-chats@0.0.1 No README data
6 warn package.json expressjs@1.0.1 No repository field.
7 verbose readDependencies using package.json deps
8 verbose cache add [ '–save', null ]
9 verbose cache add name=undefined spec="–save" args=["–save",null]
10 verbose parsed url { protocol: null,
10 verbose parsed url   slashes: null,
10 verbose parsed url   auth: null,
10 verbose parsed url   host: null,
10 verbose parsed url   port: null,
10 verbose parsed url   hostname: null,
10 verbose parsed url   hash: null,
10 verbose parsed url   search: null,
10 verbose parsed url   query: null,
10 verbose parsed url   pathname: '–save',
10 verbose parsed url   path: '–save',
10 verbose parsed url   href: '–save' }
11 verbose cache add [ 'express@4.10.2', null ]
12 verbose cache add name=undefined spec="express@4.10.2" args=["express@4.10.2",null]
13 verbose parsed url { protocol: null,
13 verbose parsed url   slashes: null,
13 verbose parsed url   auth: null,
13 verbose parsed url   host: null,
13 verbose parsed url   port: null,
13 verbose parsed url   hostname: null,
13 verbose parsed url   hash: null,
13 verbose parsed url   search: null,
13 verbose parsed url   query: null,
13 verbose parsed url   pathname: 'express@4.10.2',
13 verbose parsed url   path: 'express@4.10.2',
13 verbose parsed url   href: 'express@4.10.2' }
14 verbose cache add name="express" spec="4.10.2" args=["express","4.10.2"]
15 verbose parsed url { protocol: null,
15 verbose parsed url   slashes: null,
15 verbose parsed url   auth: null,
15 verbose parsed url   host: null,
15 verbose parsed url   port: null,
15 verbose parsed url   hostname: null,
15 verbose parsed url   hash: null,
15 verbose parsed url   search: null,
15 verbose parsed url   query: null,
15 verbose parsed url   pathname: '4.10.2',
15 verbose parsed url   path: '4.10.2',
15 verbose parsed url   href: '4.10.2' }
16 verbose addNamed [ 'express', '4.10.2' ]
17 verbose addNamed [ '4.10.2', '4.10.2' ]
18 silly lockFile 38d7024e-save –save
19 verbose lock –save /home/abhinandan/.npm/38d7024e-save.lock
20 silly lockFile 787e98b4-express-4-10-2 express@4.10.2
21 verbose lock express@4.10.2 /home/abhinandan/.npm/787e98b4-express-4-10-2.lock
22 silly lockFile 38d7024e-save –save
23 silly lockFile 38d7024e-save –save
24 verbose url raw express/4.10.2
25 verbose url resolving [ 'https://registry.npmjs.org/', './express/4.10.2' ]
26 verbose url resolved https://registry.npmjs.org/express/4.10.2
27 info trying registry request attempt 1 at 13:34:39
28 http GET https://registry.npmjs.org/express/4.10.2
29 verbose addNamed [ '–save', '' ]
30 verbose addNamed [ null, '*' ]
31 silly lockFile 0fa5ff4a-save –save@
32 verbose lock –save@ /home/abhinandan/.npm/0fa5ff4a-save.lock
33 silly addNameRange { name: '–save', range: '*', hasData: false }
34 verbose url raw –save
35 verbose url resolving [ 'https://registry.npmjs.org/', './%E2%80%93save' ]
36 verbose url resolved https://registry.npmjs.org/%E2%80%93save
37 info trying registry request attempt 1 at 13:34:39
38 http GET https://registry.npmjs.org/%E2%80%93save
39 http 404 https://registry.npmjs.org/%E2%80%93save
40 silly registry.get cb [ 404,
40 silly registry.get   { 'content-type': 'application/json',
40 silly registry.get     'cache-control': 'max-age=0',
40 silly registry.get     'content-length': '69',
40 silly registry.get     'accept-ranges': 'bytes',
40 silly registry.get     date: 'Thu, 14 Sep 2017 08:04:39 GMT',
40 silly registry.get     via: '1.1 varnish',
40 silly registry.get     age: '0',
40 silly registry.get     connection: 'keep-alive',
40 silly registry.get     'x-served-by': 'cache-lcy1123-LCY',
40 silly registry.get     'x-cache': 'MISS',
40 silly registry.get     'x-cache-hits': '0',
40 silly registry.get     'x-timer': 'S1505376280.947277,VS0,VE22' } ]
41 silly addNameRange number 2 { name: '–save', range: '*', hasData: true }
42 silly addNameRange versions [ undefined, [] ]
43 error TypeError: Cannot read property 'latest' of undefined
43 error     at next (/usr/share/npm/lib/cache.js:687:35)
43 error     at /usr/share/npm/lib/cache.js:675:5
43 error     at saved (/usr/share/npm/node_modules/npm-registry-client/lib/get.js:142:7)
43 error     at /usr/lib/nodejs/graceful-fs/polyfills.js:133:7
43 error     at Object.oncomplete (fs.js:107:15)
44 error If you need help, you may report this log at:
44 error     <http://github.com/isaacs/npm/issues>
44 error or email it to:
44 error     <npm-@googlegroups.com>
45 error System Linux 3.19.0-68-generic
46 error command "/usr/bin/nodejs" "/usr/bin/npm" "install" "–save" "express@4.10.2"
47 error cwd /home/abhinandan/Dropbox/ThirdEye/teworkspace/javaworkspace/FloodDetection/node
48 error node -v v0.10.25
49 error npm -v 1.3.10
50 error type non_object_property_load
51 verbose exit [ 1, true ]
